f:\new folder\franp\documents\summer projects\pacman git\pacman\snakegame\x64\debug\vc142.pdb
f:\new folder\franp\documents\summer projects\pacman git\pacman\snakegame\x64\debug\walls.obj
f:\new folder\franp\documents\summer projects\pacman git\pacman\snakegame\x64\debug\powerup.obj
f:\new folder\franp\documents\summer projects\pacman git\pacman\snakegame\x64\debug\points.obj
f:\new folder\franp\documents\summer projects\pacman git\pacman\snakegame\x64\debug\player.obj
f:\new folder\franp\documents\summer projects\pacman git\pacman\snakegame\x64\debug\pinky.obj
f:\new folder\franp\documents\summer projects\pacman git\pacman\snakegame\x64\debug\pellets.obj
f:\new folder\franp\documents\summer projects\pacman git\pacman\snakegame\x64\debug\map.obj
f:\new folder\franp\documents\summer projects\pacman git\pacman\snakegame\x64\debug\main.obj
f:\new folder\franp\documents\summer projects\pacman git\pacman\snakegame\x64\debug\inky.obj
f:\new folder\franp\documents\summer projects\pacman git\pacman\snakegame\x64\debug\ghosts.obj
f:\new folder\franp\documents\summer projects\pacman git\pacman\snakegame\x64\debug\game.obj
f:\new folder\franp\documents\summer projects\pacman git\pacman\snakegame\x64\debug\clyde.obj
f:\new folder\franp\documents\summer projects\pacman git\pacman\snakegame\x64\debug\characters.obj
f:\new folder\franp\documents\summer projects\pacman git\pacman\snakegame\x64\debug\blinky.obj
f:\new folder\franp\documents\summer projects\pacman git\pacman\snakegame\x64\debug\ui.obj
f:\new folder\franp\documents\summer projects\pacman git\pacman\snakegame\x64\debug\notes.obj
f:\new folder\franp\documents\summer projects\pacman git\pacman\x64\debug\snakegame.exe
f:\new folder\franp\documents\summer projects\pacman git\pacman\x64\debug\snakegame.ilk
f:\new folder\franp\documents\summer projects\pacman git\pacman\x64\debug\snakegame.pdb
f:\new folder\franp\documents\summer projects\pacman git\pacman\snakegame\x64\debug\snakegame.tlog\cl.command.1.tlog
f:\new folder\franp\documents\summer projects\pacman git\pacman\snakegame\x64\debug\snakegame.tlog\cl.read.1.tlog
f:\new folder\franp\documents\summer projects\pacman git\pacman\snakegame\x64\debug\snakegame.tlog\cl.write.1.tlog
f:\new folder\franp\documents\summer projects\pacman git\pacman\snakegame\x64\debug\snakegame.tlog\link.command.1.tlog
f:\new folder\franp\documents\summer projects\pacman git\pacman\snakegame\x64\debug\snakegame.tlog\link.read.1.tlog
f:\new folder\franp\documents\summer projects\pacman git\pacman\snakegame\x64\debug\snakegame.tlog\link.write.1.tlog
